<?xml version="1.0" encoding="UTF-8"?>
<!-- Generated by org.testng.reporters.JUnitReportReporter -->
<testsuite hostname="LAPTOP-O7V3E45O" failures="0" tests="3" name="SeleniumFrameworkDesign.StandAloneTest" time="23.884" errors="0" timestamp="2024-04-22T15:54:09 IST" skipped="0">
  <testcase classname="SeleniumFrameworkDesign.StandAloneTest" name="OrderHistory" time="3.950"/>
  <testcase classname="SeleniumFrameworkDesign.StandAloneTest" name="standalone" time="13.186"/>
  <testcase classname="SeleniumFrameworkDesign.StandAloneTest" name="standalone" time="6.748"/>
</testsuite> <!-- SeleniumFrameworkDesign.StandAloneTest -->
