<?xml version="1.0" encoding="UTF-8"?>
<!-- Generated by org.testng.reporters.JUnitReportReporter -->
<testsuite hostname="LAPTOP-O7V3E45O" failures="0" tests="1" name="Cucumber.TestNgTestRunner" time="11.103" errors="0" timestamp="2024-04-23T23:06:48 IST" skipped="0">
  <testcase classname="Cucumber.TestNgTestRunner" name="runScenario" time="11.103"/>
</testsuite> <!-- Cucumber.TestNgTestRunner -->
