<?xml version="1.0" encoding="UTF-8"?>
<!-- Generated by org.testng.reporters.JUnitReportReporter -->
<testsuite hostname="LAPTOP-O7V3E45O" failures="0" tests="2" name="SeleniumFrameworkDesign.ErrorValidation" time="16.462" errors="0" timestamp="2024-04-22T15:54:09 IST" skipped="0">
  <testcase classname="SeleniumFrameworkDesign.ErrorValidation" name="ProductErrorValidation" time="12.696"/>
  <testcase classname="SeleniumFrameworkDesign.ErrorValidation" name="LoginErrorValidation" time="3.766"/>
</testsuite> <!-- SeleniumFrameworkDesign.ErrorValidation -->
