<?xml version="1.0" encoding="UTF-8"?>
<!-- Generated by org.testng.reporters.JUnitReportReporter -->
<testsuite hostname="LAPTOP-O7V3E45O" failures="0" tests="3" name="SeleniumFrameworkDesign.StandAloneTest" time="20.240" errors="0" timestamp="2024-04-24T18:29:51 IST" skipped="0">
  <testcase classname="SeleniumFrameworkDesign.StandAloneTest" name="standalone" time="7.646"/>
  <testcase classname="SeleniumFrameworkDesign.StandAloneTest" name="standalone" time="8.585"/>
  <testcase classname="SeleniumFrameworkDesign.StandAloneTest" name="OrderHistory" time="4.009"/>
</testsuite> <!-- SeleniumFrameworkDesign.StandAloneTest -->
