<?xml version="1.0" encoding="UTF-8"?>
<!-- Generated by org.testng.reporters.JUnitReportReporter -->
<testsuite hostname="LAPTOP-O7V3E45O" failures="0" tests="2" name="SeleniumFrameworkDesign.ErrorValidation" time="12.198" errors="0" timestamp="2024-04-24T18:29:51 IST" skipped="0">
  <testcase classname="SeleniumFrameworkDesign.ErrorValidation" name="LoginErrorValidation" time="4.239"/>
  <testcase classname="SeleniumFrameworkDesign.ErrorValidation" name="ProductErrorValidation" time="7.959"/>
</testsuite> <!-- SeleniumFrameworkDesign.ErrorValidation -->
